# JRE version: OpenJDK Runtime Environment Microsoft-10800295 (17.0.14+7) (build 17.0.14+7-LTS)
# Java VM: OpenJDK 64-Bit Server VM Microsoft-10800295 (17.0.14+7-LTS, mixed mode, sharing, tiered, compressed oops, compressed class ptrs, g1 gc, windows-amd64)
GC Precious Log:
 CPUs: 4 total, 4 available
 Memory: 8083M
 Large Page Support: Disabled
 NUMA Support: Disabled
 Compressed Oops: Enabled (32-bit)
 Heap Region Size: 1M
 Heap Min Capacity: 8M
 Heap Initial Capacity: 128M
 Heap Max Capacity: 2G
 Pre-touch: Disabled
 Parallel Workers: 4
 Concurrent Workers: 1
 Concurrent Refinement Workers: 4
 Periodic GC: Disabled
Heap:
 garbage-first heap   total 86016K, used 50320K [0x0000000080000000, 0x0000000100000000)
  region size 1024K, 27 young (27648K), 1 survivors (1024K)
 Metaspace       used 31743K, committed 32192K, reserved 1114112K
  class space    used 4459K, committed 4672K, reserved 1048576K
GC Heap History (14 events):
Event: 0.799 GC heap before
{Heap before GC invocations=0 (full 0):
 garbage-first heap   total 131072K, used 13312K [0x0000000080000000, 0x0000000100000000)
  region size 1024K, 13 young (13312K), 0 survivors (0K)
 Metaspace       used 773K, committed 896K, reserved 1114112K
  class space    used 61K, committed 128K, reserved 1048576K
}
Event: 0.805 GC heap after
{Heap after GC invocations=1 (full 0):
 garbage-first heap   total 131072K, used 1261K [0x0000000080000000, 0x0000000100000000)
  region size 1024K, 2 young (2048K), 2 survivors (2048K)
 Metaspace       used 773K, committed 896K, reserved 1114112K
  class space    used 61K, committed 128K, reserved 1048576K
}
Event: 2.562 GC heap before
{Heap before GC invocations=1 (full 0):
 garbage-first heap   total 131072K, used 23789K [0x0000000080000000, 0x0000000100000000)
  region size 1024K, 21 young (21504K), 2 survivors (2048K)
 Metaspace       used 3116K, committed 3328K, reserved 1114112K
  class space    used 383K, committed 512K, reserved 1048576K
}
Event: 2.572 GC heap after
{Heap after GC invocations=2 (full 0):
 garbage-first heap   total 131072K, used 10636K [0x0000000080000000, 0x0000000100000000)
  region size 1024K, 3 young (3072K), 3 survivors (3072K)
 Metaspace       used 3116K, committed 3328K, reserved 1114112K
  class space    used 383K, committed 512K, reserved 1048576K
}
Event: 6.406 GC heap before
{Heap before GC invocations=2 (full 0):
 garbage-first heap   total 131072K, used 87436K [0x0000000080000000, 0x0000000100000000)
  region size 1024K, 76 young (77824K), 3 survivors (3072K)
 Metaspace       used 6605K, committed 6848K, reserved 1114112K
  class space    used 867K, committed 960K, reserved 1048576K
}
Event: 6.421 GC heap after
{Heap after GC invocations=3 (full 0):
 garbage-first heap   total 131072K, used 18172K [0x0000000080000000, 0x0000000100000000)
  region size 1024K, 10 young (10240K), 10 survivors (10240K)
 Metaspace       used 6605K, committed 6848K, reserved 1114112K
  class space    used 867K, committed 960K, reserved 1048576K
}
Event: 12.397 GC heap before
{Heap before GC invocations=3 (full 0):
 garbage-first heap   total 131072K, used 85756K [0x0000000080000000, 0x0000000100000000)
  region size 1024K, 76 young (77824K), 10 survivors (10240K)
 Metaspace       used 17665K, committed 17984K, reserved 1114112K
  class space    used 2530K, committed 2688K, reserved 1048576K
}
Event: 12.416 GC heap after
{Heap after GC invocations=4 (full 0):
 garbage-first heap   total 131072K, used 22438K [0x0000000080000000, 0x0000000100000000)
  region size 1024K, 5 young (5120K), 5 survivors (5120K)
 Metaspace       used 17665K, committed 17984K, reserved 1114112K
  class space    used 2530K, committed 2688K, reserved 1048576K
}
Event: 14.245 GC heap before
{Heap before GC invocations=4 (full 0):
 garbage-first heap   total 131072K, used 52134K [0x0000000080000000, 0x0000000100000000)
  region size 1024K, 35 young (35840K), 5 survivors (5120K)
 Metaspace       used 21205K, committed 21504K, reserved 1114112K
  class space    used 3093K, committed 3264K, reserved 1048576K
}
Event: 14.256 GC heap after
{Heap after GC invocations=5 (full 0):
 garbage-first heap   total 131072K, used 23792K [0x0000000080000000, 0x0000000100000000)
  region size 1024K, 6 young (6144K), 6 survivors (6144K)
 Metaspace       used 21205K, committed 21504K, reserved 1114112K
  class space    used 3093K, committed 3264K, reserved 1048576K
}
Event: 16.810 GC heap before
{Heap before GC invocations=6 (full 0):
 garbage-first heap   total 86016K, used 68848K [0x0000000080000000, 0x0000000100000000)
  region size 1024K, 50 young (51200K), 6 survivors (6144K)
 Metaspace       used 26563K, committed 26944K, reserved 1114112K
  class space    used 3913K, committed 4096K, reserved 1048576K
}
Event: 16.825 GC heap after
{Heap after GC invocations=7 (full 0):
 garbage-first heap   total 86016K, used 25546K [0x0000000080000000, 0x0000000100000000)
  region size 1024K, 4 young (4096K), 4 survivors (4096K)
 Metaspace       used 26563K, committed 26944K, reserved 1114112K
  class space    used 3913K, committed 4096K, reserved 1048576K
}
Event: 16.890 GC heap before
{Heap before GC invocations=7 (full 0):
 garbage-first heap   total 86016K, used 26570K [0x0000000080000000, 0x0000000100000000)
  region size 1024K, 5 young (5120K), 4 survivors (4096K)
 Metaspace       used 26708K, committed 27072K, reserved 1114112K
  class space    used 3934K, committed 4096K, reserved 1048576K
}
Event: 16.901 GC heap after
{Heap after GC invocations=8 (full 0):
 garbage-first heap   total 86016K, used 25744K [0x0000000080000000, 0x0000000100000000)
  region size 1024K, 1 young (1024K), 1 survivors (1024K)
 Metaspace       used 26708K, committed 27072K, reserved 1114112K
  class space    used 3934K, committed 4096K, reserved 1048576K
}

