# JRE version: OpenJDK Runtime Environment (21.0.5) (build 21.0.5+-13047016-b750.29)
# Java VM: OpenJDK 64-Bit Server VM (21.0.5+-13047016-b750.29, mixed mode, tiered, compressed oops, compressed class ptrs, g1 gc, windows-amd64)
GC Precious Log:
 CardTable entry size: 512
 Card Set container configuration: InlinePtr #cards 5 size 8 Array Of Cards #cards 12 size 40 Howl #buckets 4 coarsen threshold 1843 Howl Bitmap #cards 512 size 80 coarsen threshold 460 Card regions per heap region 1 cards per card region 2048
 CPUs: 4 total, 4 available
 Memory: 8083M
 Large Page Support: Disabled
 NUMA Support: Disabled
 Compressed Oops: Enabled (32-bit)
 Heap Region Size: 1M
 Heap Min Capacity: 8M
 Heap Initial Capacity: 128M
 Heap Max Capacity: 2G
 Pre-touch: Disabled
 Parallel Workers: 4
 Concurrent Workers: 1
 Concurrent Refinement Workers: 4
 Periodic GC: Disabled
Heap:
 garbage-first heap   total 80896K, used 67170K [0x0000000080000000, 0x0000000100000000)
  region size 1024K, 21 young (21504K), 2 survivors (2048K)
 Metaspace       used 48039K, committed 49344K, reserved 1114112K
  class space    used 6641K, committed 7296K, reserved 1048576K
GC Heap History (20 events):
Event: 7.508 GC heap before
{Heap before GC invocations=3 (full 0):
 garbage-first heap   total 131072K, used 31381K [0x0000000080000000, 0x0000000100000000)
  region size 1024K, 23 young (23552K), 10 survivors (10240K)
 Metaspace       used 21193K, committed 21504K, reserved 1114112K
  class space    used 2461K, committed 2624K, reserved 1048576K
}
Event: 7.525 GC heap after
{Heap after GC invocations=4 (full 0):
 garbage-first heap   total 131072K, used 20850K [0x0000000080000000, 0x0000000100000000)
  region size 1024K, 2 young (2048K), 2 survivors (2048K)
 Metaspace       used 21193K, committed 21504K, reserved 1114112K
  class space    used 2461K, committed 2624K, reserved 1048576K
}
Event: 10.140 GC heap before
{Heap before GC invocations=5 (full 0):
 garbage-first heap   total 71680K, used 61810K [0x0000000080000000, 0x0000000100000000)
  region size 1024K, 42 young (43008K), 2 survivors (2048K)
 Metaspace       used 28098K, committed 28608K, reserved 1114112K
  class space    used 3540K, committed 3776K, reserved 1048576K
}
Event: 10.157 GC heap after
{Heap after GC invocations=6 (full 0):
 garbage-first heap   total 71680K, used 22806K [0x0000000080000000, 0x0000000100000000)
  region size 1024K, 4 young (4096K), 4 survivors (4096K)
 Metaspace       used 28098K, committed 28608K, reserved 1114112K
  class space    used 3540K, committed 3776K, reserved 1048576K
}
Event: 12.142 GC heap before
{Heap before GC invocations=6 (full 0):
 garbage-first heap   total 71680K, used 53526K [0x0000000080000000, 0x0000000100000000)
  region size 1024K, 34 young (34816K), 4 survivors (4096K)
 Metaspace       used 32181K, committed 32896K, reserved 1114112K
  class space    used 4215K, committed 4544K, reserved 1048576K
}
Event: 12.156 GC heap after
{Heap after GC invocations=7 (full 0):
 garbage-first heap   total 71680K, used 24395K [0x0000000080000000, 0x0000000100000000)
  region size 1024K, 5 young (5120K), 5 survivors (5120K)
 Metaspace       used 32181K, committed 32896K, reserved 1114112K
  class space    used 4215K, committed 4544K, reserved 1048576K
}
Event: 18.528 GC heap before
{Heap before GC invocations=7 (full 0):
 garbage-first heap   total 71680K, used 51019K [0x0000000080000000, 0x0000000100000000)
  region size 1024K, 22 young (22528K), 5 survivors (5120K)
 Metaspace       used 34610K, committed 35456K, reserved 1114112K
  class space    used 4656K, committed 5056K, reserved 1048576K
}
Event: 18.547 GC heap after
{Heap after GC invocations=8 (full 0):
 garbage-first heap   total 71680K, used 37415K [0x0000000080000000, 0x0000000100000000)
  region size 1024K, 5 young (5120K), 5 survivors (5120K)
 Metaspace       used 34610K, committed 35456K, reserved 1114112K
  class space    used 4656K, committed 5056K, reserved 1048576K
}
Event: 19.883 GC heap before
{Heap before GC invocations=9 (full 0):
 garbage-first heap   total 71680K, used 43559K [0x0000000080000000, 0x0000000100000000)
  region size 1024K, 10 young (10240K), 5 survivors (5120K)
 Metaspace       used 34971K, committed 35840K, reserved 1114112K
  class space    used 4710K, committed 5120K, reserved 1048576K
}
Event: 19.894 GC heap after
{Heap after GC invocations=10 (full 0):
 garbage-first heap   total 71680K, used 41797K [0x0000000080000000, 0x0000000100000000)
  region size 1024K, 2 young (2048K), 2 survivors (2048K)
 Metaspace       used 34971K, committed 35840K, reserved 1114112K
  class space    used 4710K, committed 5120K, reserved 1048576K
}
Event: 20.895 GC heap before
{Heap before GC invocations=11 (full 0):
 garbage-first heap   total 71680K, used 59205K [0x0000000080000000, 0x0000000100000000)
  region size 1024K, 18 young (18432K), 2 survivors (2048K)
 Metaspace       used 37159K, committed 38144K, reserved 1114112K
  class space    used 5034K, committed 5504K, reserved 1048576K
}
Event: 20.900 GC heap after
{Heap after GC invocations=12 (full 0):
 garbage-first heap   total 71680K, used 43506K [0x0000000080000000, 0x0000000100000000)
  region size 1024K, 3 young (3072K), 3 survivors (3072K)
 Metaspace       used 37159K, committed 38144K, reserved 1114112K
  class space    used 5034K, committed 5504K, reserved 1048576K
}
Event: 22.090 GC heap before
{Heap before GC invocations=12 (full 0):
 garbage-first heap   total 71680K, used 59890K [0x0000000080000000, 0x0000000100000000)
  region size 1024K, 19 young (19456K), 3 survivors (3072K)
 Metaspace       used 39132K, committed 40192K, reserved 1114112K
  class space    used 5374K, committed 5888K, reserved 1048576K
}
Event: 22.097 GC heap after
{Heap after GC invocations=13 (full 0):
 garbage-first heap   total 71680K, used 44542K [0x0000000080000000, 0x0000000100000000)
  region size 1024K, 2 young (2048K), 2 survivors (2048K)
 Metaspace       used 39132K, committed 40192K, reserved 1114112K
  class space    used 5374K, committed 5888K, reserved 1048576K
}
Event: 23.379 GC heap before
{Heap before GC invocations=14 (full 0):
 garbage-first heap   total 75776K, used 61950K [0x0000000080000000, 0x0000000100000000)
  region size 1024K, 19 young (19456K), 2 survivors (2048K)
 Metaspace       used 41358K, committed 42560K, reserved 1114112K
  class space    used 5735K, committed 6336K, reserved 1048576K
}
Event: 23.389 GC heap after
{Heap after GC invocations=15 (full 0):
 garbage-first heap   total 75776K, used 45478K [0x0000000080000000, 0x0000000100000000)
  region size 1024K, 2 young (2048K), 2 survivors (2048K)
 Metaspace       used 41358K, committed 42560K, reserved 1114112K
  class space    used 5735K, committed 6336K, reserved 1048576K
}
Event: 25.386 GC heap before
{Heap before GC invocations=15 (full 0):
 garbage-first heap   total 75776K, used 64934K [0x0000000080000000, 0x0000000100000000)
  region size 1024K, 22 young (22528K), 2 survivors (2048K)
 Metaspace       used 45320K, committed 46592K, reserved 1114112K
  class space    used 6196K, committed 6848K, reserved 1048576K
}
Event: 25.398 GC heap after
{Heap after GC invocations=16 (full 0):
 garbage-first heap   total 75776K, used 46307K [0x0000000080000000, 0x0000000100000000)
  region size 1024K, 3 young (3072K), 3 survivors (3072K)
 Metaspace       used 45320K, committed 46592K, reserved 1114112K
  class space    used 6196K, committed 6848K, reserved 1048576K
}
Event: 26.808 GC heap before
{Heap before GC invocations=16 (full 0):
 garbage-first heap   total 75776K, used 65763K [0x0000000080000000, 0x0000000100000000)
  region size 1024K, 23 young (23552K), 3 survivors (3072K)
 Metaspace       used 45767K, committed 47104K, reserved 1114112K
  class space    used 6233K, committed 6912K, reserved 1048576K
}
Event: 26.821 GC heap after
{Heap after GC invocations=17 (full 0):
 garbage-first heap   total 75776K, used 47714K [0x0000000080000000, 0x0000000100000000)
  region size 1024K, 3 young (3072K), 3 survivors (3072K)
 Metaspace       used 45767K, committed 47104K, reserved 1114112K
  class space    used 6233K, committed 6912K, reserved 1048576K
}

